<?xml version="1.0" encoding="UTF-8"?>
<testsuite xmlns:xsi="http://www.w3.org/2001/XMLSchema-instance" xsi:noNamespaceSchemaLocation="https://maven.apache.org/surefire/maven-surefire-plugin/xsd/surefire-test-report.xsd" name="TestSuite" time="62.238" tests="2" errors="0" skipped="0" failures="0">
  <properties>
[...]
</properties>
  <testcase name="addnewcustomer" classname="com.banking1.testcases.addcustomertestcase_1" time="14.901"/>
  <testcase name="logintest" classname="com.banking1.testcases.logintestcase_1" time="2.681"/>
</testsuite>